<?xml version="1.0" encoding="UTF-8" ?>
<testsuite tests="62" failures="0" name="com.examples.test.training.runner.TestRunner" time="0.053" errors="2" skipped="2">
  <properties>
[...]
</properties>
  <testcase classname="Scenario: Choose a product from random category" name="Given I have an existing account with an online bookshop" time="0.004"/>
  <testcase classname="Scenario: Choose a product from random category" name="When I log into the website" time="0.001"/>
  <testcase classname="Scenario: Choose a product from random category" name="And I extend the Категории menu and choose book category" time="0"/>
  <testcase classname="Scenario: Choose a product from random category" name="And I choose a book from the list" time="0"/>
  <testcase classname="Scenario: Choose a product from random category" name="Then The book description will be loaded with price and an option to order" time="0"/>
  <testcase classname="Scenario: Choose a product from random category" name="Scenario: Choose a product from random category" time="0.001"/>
  <testcase classname="Scenario: Search for a product" name="Given I have an existing account with an online bookshop" time="0"/>
  <testcase classname="Scenario: Search for a product" name="When I log into the website" time="0"/>
  <testcase classname="Scenario: Search for a product" name="And I search for a specific book" time="0"/>
  <testcase classname="Scenario: Search for a product" name="Then I will be able to select the book from the search results" time="0"/>
  <testcase classname="Scenario: Search for a product" name="And The book description will be loaded with price and an option to order" time="0"/>
  <testcase classname="Scenario: Search for a product" name="Scenario: Search for a product" time="0.001"/>
  <testcase classname="Scenario: Add a book to the basket" name="Given I have an existing account with an online bookshop" time="0"/>
  <testcase classname="Scenario: Add a book to the basket" name="When I log into the website" time="0"/>
  <testcase classname="Scenario: Add a book to the basket" name="And I search and load a specific book" time="0"/>
  <testcase classname="Scenario: Add a book to the basket" name="And I click on the Add to basket option" time="0"/>
  <testcase classname="Scenario: Add a book to the basket" name="Then The book will be added to the basket" time="0"/>
  <testcase classname="Scenario: Add a book to the basket" name="Scenario: Add a book to the basket" time="0.001"/>
  <testcase classname="Scenario: Edit the basket" name="Given I have an existing account with an online bookshop" time="0"/>
  <testcase classname="Scenario: Edit the basket" name="When I log into the website" time="0"/>
  <testcase classname="Scenario: Edit the basket" name="And I add a book to the basket" time="0"/>
  <testcase classname="Scenario: Edit the basket" name="And I load the added products" time="0"/>
  <testcase classname="Scenario: Edit the basket" name="Then I will be able to increase the quantity" time="0"/>
  <testcase classname="Scenario: Edit the basket" name="And I will be able to remove the products from the basket" time="0"/>
  <testcase classname="Scenario: Edit the basket" name="Scenario: Edit the basket" time="0"/>
  <testcase classname="| 31460290 | Viersen | Volksbank Viersen |" name="Given I run a SOAP request using code 31460290" time="0"/>
  <testcase classname="| 31460290 | Viersen | Volksbank Viersen |" name="Then I verify the location Viersen" time="0"/>
  <testcase classname="| 31460290 | Viersen | Volksbank Viersen |" name="And the bank name is Volksbank Viersen" time="0"/>
  <testcase classname="| 31460290 | Viersen | Volksbank Viersen |" name="| 31460290 | Viersen | Volksbank Viersen |" time="0.001"/>
  <testcase classname="| 31061108 | Willich | Volksbank Willich |" name="Given I run a SOAP request using code 31061108" time="0"/>
  <testcase classname="| 31061108 | Willich | Volksbank Willich |" name="Then I verify the location Willich" time="0"/>
  <testcase classname="| 31061108 | Willich | Volksbank Willich |" name="And the bank name is Volksbank Willich" time="0"/>
  <testcase classname="| 31061108 | Willich | Volksbank Willich |" name="| 31061108 | Willich | Volksbank Willich |" time="0.001"/>
  <testcase classname="| 31261282 | Erkelenz | Volksbank Erkelenz-Hückelhoven-Wegberg |" name="Given I run a SOAP request using code 31261282" time="0"/>
  <testcase classname="| 31261282 | Erkelenz | Volksbank Erkelenz-Hückelhoven-Wegberg |" name="Then I verify the location Erkelenz" time="0"/>
  <testcase classname="| 31261282 | Erkelenz | Volksbank Erkelenz-Hückelhoven-Wegberg |" name="And the bank name is Volksbank Erkelenz-Hückelhoven-Wegberg" time="0"/>
  <testcase classname="| 31261282 | Erkelenz | Volksbank Erkelenz-Hückelhoven-Wegberg |" name="| 31261282 | Erkelenz | Volksbank Erkelenz-Hückelhoven-Wegberg |" time="0.001"/>
  <testcase classname="| 34270094 | Solingen | Deutsche Bank |" name="Given I run a SOAP request using code 34270094" time="0"/>
  <testcase classname="| 34270094 | Solingen | Deutsche Bank |" name="Then I verify the location Solingen" time="0"/>
  <testcase classname="| 34270094 | Solingen | Deutsche Bank |" name="And the bank name is Deutsche Bank" time="0"/>
  <testcase classname="| 34270094 | Solingen | Deutsche Bank |" name="| 34270094 | Solingen | Deutsche Bank |" time="0"/>
  <testcase classname="Scenario: Register new user in WordPress" name="Given I want to create new user profile" time="0"/>
  <testcase classname="Scenario: Register new user in WordPress" name="When I fill out the form and click on the Create Account button" time="0"/>
  <testcase classname="Scenario: Register new user in WordPress" name="Then My account is created and I&apos;m able to log into WordPress with that account" time="0"/>
  <testcase classname="Scenario: Register new user in WordPress" name="Scenario: Register new user in WordPress" time="0.001"/>
  <testcase classname="Scenario: Login attempt with invalid credentials" name="Given I want to validate error message from WordPress" time="0"/>
  <testcase classname="Scenario: Login attempt with invalid credentials" name="When I enter invalid credentials and click on Login" time="0"/>
  <testcase classname="Scenario: Login attempt with invalid credentials" name="Then I won&apos;t be logged in" time="0"/>
  <testcase classname="Scenario: Login attempt with invalid credentials" name="Scenario: Login attempt with invalid credentials" time="0"/>
  <testcase classname="Scenario: Create an entry in the DB" name="Given I want to create new employee entry in the DB" time="0"/>
  <testcase classname="Scenario: Create an entry in the DB" name="When I send my json to the POST endpoint" time="0.007">
    <error message="Failed to parse the JSON document" type="io.restassured.path.json.exception.JsonPathException">io.restassured.path.json.exception.JsonPathException: Failed to parse the JSON document
	at io.restassured.path.json.JsonPath$ExceptionCatcher.invoke(JsonPath.java:930)
	at io.restassured.path.json.JsonPath$4.doParseWith(JsonPath.java:895)
	at io.restassured.path.json.JsonPath$JsonParser.parseWith(JsonPath.java:974)
	at io.restassured.path.json.JsonPath.get(JsonPath.java:201)
	at io.restassured.path.json.JsonPath.getString(JsonPath.java:351)
	at com.examples.test.training.implementation.RestApiImplementation.postJson(RestApiImplementation.java:49)
	at com.examples.test.training.glue.RestApiStepsDef.postJson(RestApiStepsDef.java:21)
	at ✽.When I send my json to the POST endpoint(restAPI.feature:7)
Caused by: groovy.json.JsonException: Lexing failed on line: 1, column: 1, while reading &apos;&lt;&apos;, no possible valid JSON value or punctuation could be recognized.
	at groovy.json.JsonLexer.nextToken(JsonLexer.java:85)
	at groovy.json.JsonLexer$nextToken.call(Unknown Source)
	at org.codehaus.groovy.runtime.callsite.CallSiteArray.defaultCall(CallSiteArray.java:48)
	at org.codehaus.groovy.runtime.callsite.AbstractCallSite.call(AbstractCallSite.java:113)
	at org.codehaus.groovy.runtime.callsite.AbstractCallSite.call(AbstractCallSite.java:117)
	at io.restassured.internal.path.json.ConfigurableJsonSlurper.parse(ConfigurableJsonSlurper.groovy:97)
	at io.restassured.internal.path.json.ConfigurableJsonSlurper$parse.callCurrent(Unknown Source)
	at org.codehaus.groovy.runtime.callsite.CallSiteArray.defaultCallCurrent(CallSiteArray.java:52)
	at org.codehaus.groovy.runtime.callsite.AbstractCallSite.callCurrent(AbstractCallSite.java:154)
	at org.codehaus.groovy.runtime.callsite.AbstractCallSite.callCurrent(AbstractCallSite.java:166)
	at io.restassured.internal.path.json.ConfigurableJsonSlurper.parseText(ConfigurableJsonSlurper.groovy:83)
	at io.restassured.path.json.JsonPath$4$1.method(JsonPath.java:893)
	at io.restassured.path.json.JsonPath$ExceptionCatcher.invoke(JsonPath.java:928)
	at io.restassured.path.json.JsonPath$4.doParseWith(JsonPath.java:895)
	at io.restassured.path.json.JsonPath$JsonParser.parseWith(JsonPath.java:974)
	at io.restassured.path.json.JsonPath.get(JsonPath.java:201)
	at io.restassured.path.json.JsonPath.getString(JsonPath.java:351)
	at com.examples.test.training.implementation.RestApiImplementation.postJson(RestApiImplementation.java:49)
	at com.examples.test.training.glue.RestApiStepsDef.postJson(RestApiStepsDef.java:21)
	at sun.reflect.NativeMethodAccessorImpl.invoke0(Native Method)
	at sun.reflect.NativeMethodAccessorImpl.invoke(NativeMethodAccessorImpl.java:62)
	at sun.reflect.DelegatingMethodAccessorImpl.invoke(DelegatingMethodAccessorImpl.java:43)
	at java.lang.reflect.Method.invoke(Method.java:498)
	at cucumber.runtime.Utils$1.call(Utils.java:40)
	at cucumber.runtime.Timeout.timeout(Timeout.java:16)
	at cucumber.runtime.Utils.invoke(Utils.java:34)
	at cucumber.runtime.java.JavaStepDefinition.execute(JavaStepDefinition.java:38)
	at cucumber.runtime.StepDefinitionMatch.runStep(StepDefinitionMatch.java:37)
	at cucumber.runtime.Runtime.runStep(Runtime.java:300)
	at cucumber.runtime.model.StepContainer.runStep(StepContainer.java:44)
	at cucumber.runtime.model.StepContainer.runSteps(StepContainer.java:39)
	at cucumber.runtime.model.CucumberScenario.run(CucumberScenario.java:44)
	at cucumber.runtime.junit.ExecutionUnitRunner.run(ExecutionUnitRunner.java:102)
	at cucumber.runtime.junit.FeatureRunner.runChild(FeatureRunner.java:63)
	at cucumber.runtime.junit.FeatureRunner.runChild(FeatureRunner.java:18)
	at org.junit.runners.ParentRunner$3.run(ParentRunner.java:290)
	at org.junit.runners.ParentRunner$1.schedule(ParentRunner.java:71)
	at org.junit.runners.ParentRunner.runChildren(ParentRunner.java:288)
	at org.junit.runners.ParentRunner.access$000(ParentRunner.java:58)
	at org.junit.runners.ParentRunner$2.evaluate(ParentRunner.java:268)
	at org.junit.runners.ParentRunner.run(ParentRunner.java:363)
	at cucumber.runtime.junit.FeatureRunner.run(FeatureRunner.java:70)
	at cucumber.api.junit.Cucumber.runChild(Cucumber.java:95)
	at cucumber.api.junit.Cucumber.runChild(Cucumber.java:38)
	at org.junit.runners.ParentRunner$3.run(ParentRunner.java:290)
	at org.junit.runners.ParentRunner$1.schedule(ParentRunner.java:71)
	at org.junit.runners.ParentRunner.runChildren(ParentRunner.java:288)
	at org.junit.runners.ParentRunner.access$000(ParentRunner.java:58)
	at org.junit.runners.ParentRunner$2.evaluate(ParentRunner.java:268)
	at org.junit.runners.ParentRunner.run(ParentRunner.java:363)
	at cucumber.api.junit.Cucumber.run(Cucumber.java:100)
	at org.apache.maven.surefire.junit4.JUnit4Provider.execute(JUnit4Provider.java:252)
	at org.apache.maven.surefire.junit4.JUnit4Provider.executeTestSet(JUnit4Provider.java:141)
	at org.apache.maven.surefire.junit4.JUnit4Provider.invoke(JUnit4Provider.java:112)
	at sun.reflect.NativeMethodAccessorImpl.invoke0(Native Method)
	at sun.reflect.NativeMethodAccessorImpl.invoke(NativeMethodAccessorImpl.java:62)
	at sun.reflect.DelegatingMethodAccessorImpl.invoke(DelegatingMethodAccessorImpl.java:43)
	at java.lang.reflect.Method.invoke(Method.java:498)
	at org.apache.maven.surefire.util.ReflectionUtils.invokeMethodWithArray(ReflectionUtils.java:189)
	at org.apache.maven.surefire.booter.ProviderFactory$ProviderProxy.invoke(ProviderFactory.java:165)
	at org.apache.maven.surefire.booter.ProviderFactory.invokeProvider(ProviderFactory.java:85)
	at org.apache.maven.surefire.booter.ForkedBooter.runSuitesInProcess(ForkedBooter.java:115)
	at org.apache.maven.surefire.booter.ForkedBooter.main(ForkedBooter.java:75)
</error>
  </testcase>
  <testcase classname="Scenario: Create an entry in the DB" name="Scenario: Create an entry in the DB" time="0.008">
    <error message="Failed to parse the JSON document" type="io.restassured.path.json.exception.JsonPathException">io.restassured.path.json.exception.JsonPathException: Failed to parse the JSON document
	at io.restassured.path.json.JsonPath$ExceptionCatcher.invoke(JsonPath.java:930)
	at io.restassured.path.json.JsonPath$4.doParseWith(JsonPath.java:895)
	at io.restassured.path.json.JsonPath$JsonParser.parseWith(JsonPath.java:974)
	at io.restassured.path.json.JsonPath.get(JsonPath.java:201)
	at io.restassured.path.json.JsonPath.getString(JsonPath.java:351)
	at com.examples.test.training.implementation.RestApiImplementation.postJson(RestApiImplementation.java:49)
	at com.examples.test.training.glue.RestApiStepsDef.postJson(RestApiStepsDef.java:21)
	at ✽.When I send my json to the POST endpoint(restAPI.feature:7)
Caused by: groovy.json.JsonException: Lexing failed on line: 1, column: 1, while reading &apos;&lt;&apos;, no possible valid JSON value or punctuation could be recognized.
	at groovy.json.JsonLexer.nextToken(JsonLexer.java:85)
	at groovy.json.JsonLexer$nextToken.call(Unknown Source)
	at org.codehaus.groovy.runtime.callsite.CallSiteArray.defaultCall(CallSiteArray.java:48)
	at org.codehaus.groovy.runtime.callsite.AbstractCallSite.call(AbstractCallSite.java:113)
	at org.codehaus.groovy.runtime.callsite.AbstractCallSite.call(AbstractCallSite.java:117)
	at io.restassured.internal.path.json.ConfigurableJsonSlurper.parse(ConfigurableJsonSlurper.groovy:97)
	at io.restassured.internal.path.json.ConfigurableJsonSlurper$parse.callCurrent(Unknown Source)
	at org.codehaus.groovy.runtime.callsite.CallSiteArray.defaultCallCurrent(CallSiteArray.java:52)
	at org.codehaus.groovy.runtime.callsite.AbstractCallSite.callCurrent(AbstractCallSite.java:154)
	at org.codehaus.groovy.runtime.callsite.AbstractCallSite.callCurrent(AbstractCallSite.java:166)
	at io.restassured.internal.path.json.ConfigurableJsonSlurper.parseText(ConfigurableJsonSlurper.groovy:83)
	at io.restassured.path.json.JsonPath$4$1.method(JsonPath.java:893)
	at io.restassured.path.json.JsonPath$ExceptionCatcher.invoke(JsonPath.java:928)
	at io.restassured.path.json.JsonPath$4.doParseWith(JsonPath.java:895)
	at io.restassured.path.json.JsonPath$JsonParser.parseWith(JsonPath.java:974)
	at io.restassured.path.json.JsonPath.get(JsonPath.java:201)
	at io.restassured.path.json.JsonPath.getString(JsonPath.java:351)
	at com.examples.test.training.implementation.RestApiImplementation.postJson(RestApiImplementation.java:49)
	at com.examples.test.training.glue.RestApiStepsDef.postJson(RestApiStepsDef.java:21)
	at sun.reflect.NativeMethodAccessorImpl.invoke0(Native Method)
	at sun.reflect.NativeMethodAccessorImpl.invoke(NativeMethodAccessorImpl.java:62)
	at sun.reflect.DelegatingMethodAccessorImpl.invoke(DelegatingMethodAccessorImpl.java:43)
	at java.lang.reflect.Method.invoke(Method.java:498)
	at cucumber.runtime.Utils$1.call(Utils.java:40)
	at cucumber.runtime.Timeout.timeout(Timeout.java:16)
	at cucumber.runtime.Utils.invoke(Utils.java:34)
	at cucumber.runtime.java.JavaStepDefinition.execute(JavaStepDefinition.java:38)
	at cucumber.runtime.StepDefinitionMatch.runStep(StepDefinitionMatch.java:37)
	at cucumber.runtime.Runtime.runStep(Runtime.java:300)
	at cucumber.runtime.model.StepContainer.runStep(StepContainer.java:44)
	at cucumber.runtime.model.StepContainer.runSteps(StepContainer.java:39)
	at cucumber.runtime.model.CucumberScenario.run(CucumberScenario.java:44)
	at cucumber.runtime.junit.ExecutionUnitRunner.run(ExecutionUnitRunner.java:102)
	at cucumber.runtime.junit.FeatureRunner.runChild(FeatureRunner.java:63)
	at cucumber.runtime.junit.FeatureRunner.runChild(FeatureRunner.java:18)
	at org.junit.runners.ParentRunner$3.run(ParentRunner.java:290)
	at org.junit.runners.ParentRunner$1.schedule(ParentRunner.java:71)
	at org.junit.runners.ParentRunner.runChildren(ParentRunner.java:288)
	at org.junit.runners.ParentRunner.access$000(ParentRunner.java:58)
	at org.junit.runners.ParentRunner$2.evaluate(ParentRunner.java:268)
	at org.junit.runners.ParentRunner.run(ParentRunner.java:363)
	at cucumber.runtime.junit.FeatureRunner.run(FeatureRunner.java:70)
	at cucumber.api.junit.Cucumber.runChild(Cucumber.java:95)
	at cucumber.api.junit.Cucumber.runChild(Cucumber.java:38)
	at org.junit.runners.ParentRunner$3.run(ParentRunner.java:290)
	at org.junit.runners.ParentRunner$1.schedule(ParentRunner.java:71)
	at org.junit.runners.ParentRunner.runChildren(ParentRunner.java:288)
	at org.junit.runners.ParentRunner.access$000(ParentRunner.java:58)
	at org.junit.runners.ParentRunner$2.evaluate(ParentRunner.java:268)
	at org.junit.runners.ParentRunner.run(ParentRunner.java:363)
	at cucumber.api.junit.Cucumber.run(Cucumber.java:100)
	at org.apache.maven.surefire.junit4.JUnit4Provider.execute(JUnit4Provider.java:252)
	at org.apache.maven.surefire.junit4.JUnit4Provider.executeTestSet(JUnit4Provider.java:141)
	at org.apache.maven.surefire.junit4.JUnit4Provider.invoke(JUnit4Provider.java:112)
	at sun.reflect.NativeMethodAccessorImpl.invoke0(Native Method)
	at sun.reflect.NativeMethodAccessorImpl.invoke(NativeMethodAccessorImpl.java:62)
	at sun.reflect.DelegatingMethodAccessorImpl.invoke(DelegatingMethodAccessorImpl.java:43)
	at java.lang.reflect.Method.invoke(Method.java:498)
	at org.apache.maven.surefire.util.ReflectionUtils.invokeMethodWithArray(ReflectionUtils.java:189)
	at org.apache.maven.surefire.booter.ProviderFactory$ProviderProxy.invoke(ProviderFactory.java:165)
	at org.apache.maven.surefire.booter.ProviderFactory.invokeProvider(ProviderFactory.java:85)
	at org.apache.maven.surefire.booter.ForkedBooter.runSuitesInProcess(ForkedBooter.java:115)
	at org.apache.maven.surefire.booter.ForkedBooter.main(ForkedBooter.java:75)
</error>
  </testcase>
  <testcase classname="Scenario: Create an entry in the DB" name="Then I will see response 200" time="0.012">
    <skipped/>
  </testcase>
  <testcase classname="Scenario: Create an entry in the DB" name="And The response body will contain new employee ID" time="0.013">
    <skipped/>
  </testcase>
  <testcase classname="Scenario: Retrieve information from the DB" name="Given An employee entry exists in the DB" time="0"/>
  <testcase classname="Scenario: Retrieve information from the DB" name="When I perform GET API call using the employee ID" time="0"/>
  <testcase classname="Scenario: Retrieve information from the DB" name="Then The API call will return the employee name" time="0"/>
  <testcase classname="Scenario: Retrieve information from the DB" name="Scenario: Retrieve information from the DB" time="0"/>
  <testcase classname="Scenario: Delete an entry" name="Given An employee entry exists in the DB" time="0"/>
  <testcase classname="Scenario: Delete an entry" name="When I perform DELETE API call using the employee ID" time="0"/>
  <testcase classname="Scenario: Delete an entry" name="Then the user will no longer exist" time="0"/>
  <testcase classname="Scenario: Delete an entry" name="Scenario: Delete an entry" time="0.001"/>
</testsuite>