<?xml version="1.0" encoding="UTF-8" ?>
<testsuite tests="1" failures="0" name="com.examples.test.training.runner.TestRunner" time="0.008" errors="1" skipped="0">
  <properties>
[...]
</properties>
  <testcase classname="com.examples.test.training.runner.TestRunner" name="initializationError" time="0.008">
    <error message="Failed to parse resource at: file:src/test/resources/Features/OnlineShop.feature" type="cucumber.runtime.CucumberException">cucumber.runtime.CucumberException: Failed to parse resource at: file:src/test/resources/Features/OnlineShop.feature
	at cucumber.runtime.model.FeatureParser.parseResource(FeatureParser.java:40)
	at cucumber.runtime.model.FeatureBuilder.parse(FeatureBuilder.java:25)
	at cucumber.runtime.model.FeatureLoader.loadFromFeaturePath(FeatureLoader.java:36)
	at cucumber.runtime.model.FeatureLoader.load(FeatureLoader.java:23)
	at cucumber.runtime.FeaturePathFeatureSupplier.get(FeaturePathFeatureSupplier.java:33)
	at io.cucumber.junit.Cucumber.&lt;init&gt;(Cucumber.java:113)
	at cucumber.api.junit.Cucumber.&lt;init&gt;(Cucumber.java:15)
	at sun.reflect.NativeConstructorAccessorImpl.newInstance0(Native Method)
	at sun.reflect.NativeConstructorAccessorImpl.newInstance(NativeConstructorAccessorImpl.java:62)
	at sun.reflect.DelegatingConstructorAccessorImpl.newInstance(DelegatingConstructorAccessorImpl.java:45)
	at java.lang.reflect.Constructor.newInstance(Constructor.java:423)
	at org.junit.internal.builders.AnnotatedBuilder.buildRunner(AnnotatedBuilder.java:104)
	at org.junit.internal.builders.AnnotatedBuilder.runnerForClass(AnnotatedBuilder.java:86)
	at org.junit.runners.model.RunnerBuilder.safeRunnerForClass(RunnerBuilder.java:59)
	at org.junit.internal.builders.AllDefaultPossibilitiesBuilder.runnerForClass(AllDefaultPossibilitiesBuilder.java:26)
	at org.junit.runners.model.RunnerBuilder.safeRunnerForClass(RunnerBuilder.java:59)
	at org.junit.internal.requests.ClassRequest.getRunner(ClassRequest.java:33)
	at org.apache.maven.surefire.junit4.JUnit4Provider.execute(JUnit4Provider.java:250)
	at org.apache.maven.surefire.junit4.JUnit4Provider.executeTestSet(JUnit4Provider.java:141)
	at org.apache.maven.surefire.junit4.JUnit4Provider.invoke(JUnit4Provider.java:112)
	at sun.reflect.NativeMethodAccessorImpl.invoke0(Native Method)
	at sun.reflect.NativeMethodAccessorImpl.invoke(NativeMethodAccessorImpl.java:62)
	at sun.reflect.DelegatingMethodAccessorImpl.invoke(DelegatingMethodAccessorImpl.java:43)
	at java.lang.reflect.Method.invoke(Method.java:498)
	at org.apache.maven.surefire.util.ReflectionUtils.invokeMethodWithArray(ReflectionUtils.java:189)
	at org.apache.maven.surefire.booter.ProviderFactory$ProviderProxy.invoke(ProviderFactory.java:165)
	at org.apache.maven.surefire.booter.ProviderFactory.invokeProvider(ProviderFactory.java:85)
	at org.apache.maven.surefire.booter.ForkedBooter.runSuitesInProcess(ForkedBooter.java:115)
	at org.apache.maven.surefire.booter.ForkedBooter.main(ForkedBooter.java:75)
Caused by: gherkin.ParserException$CompositeParserException: Parser errors:
(4:3): expected: #TagLine, #ScenarioLine, #ScenarioOutlineLine, #Comment, #Empty, got &apos;Background:&apos;
(5:5): expected: #TagLine, #ScenarioLine, #ScenarioOutlineLine, #Comment, #Empty, got &apos;Given I have an existing account with an online bookshop&apos;
(6:5): expected: #TagLine, #ScenarioLine, #ScenarioOutlineLine, #Comment, #Empty, got &apos;When I log into the website&apos;
	at gherkin.Parser.parse(Parser.java:150)
	at gherkin.Parser.parse(Parser.java:125)
	at gherkin.Parser.parse(Parser.java:121)
	at cucumber.runtime.model.FeatureParser.parseResource(FeatureParser.java:36)
	... 28 more
</error>
  </testcase>
</testsuite>