<?xml version="1.0" encoding="UTF-8" ?>
<testsuite tests="91" failures="0" name="com.examples.test.training.runner.TestRunner" time="0.76" errors="0" skipped="58">
  <properties>
[...]
</properties>
  <testcase classname="Scenario: Choose a product from random category" name="Given I have an existing account with an online bookshop" time="0.005">
    <skipped/>
    <system-out>Expected only one instance, but found too many: [cucumber.runtime.java.guice.impl.GuiceFactory@f9390f, cucumber.runtime.java.picocontainer.PicoFactory@1392934]
More than one Cucumber ObjectFactory was found in the classpath

You probably may have included, for instance, cucumber-spring AND cucumber-guice as part of
your dependencies. When this happens, Cucumber falls back to instantiating the
DefaultJavaObjectFactory implementation which doesn&apos;t provide IoC.
In order to enjoy IoC features, please remove the unnecessary dependencies from your classpath.

Feature: Online Bookshop
  I want to create test scenarios about online bookshop operations
</system-out>
  </testcase>
  <testcase classname="Scenario: Choose a product from random category" name="When I log into the website" time="0.006">
    <skipped/>
  </testcase>
  <testcase classname="Scenario: Choose a product from random category" name="And I extend the Категории menu" time="0.01">
    <skipped/>
    <system-out>
  Background:                                                &amp;#27;[90m# OnlineShop.feature:4&amp;#27;[0m
    &amp;#27;[33mGiven &amp;#27;[0m&amp;#27;[33mI have an existing account with an online bookshop&amp;#27;[0m
    &amp;#27;[33mWhen &amp;#27;[0m&amp;#27;[33mI log into the website&amp;#27;[0m
</system-out>
  </testcase>
  <testcase classname="Scenario: Choose a product from random category" name="And I choose random book category" time="0.011">
    <skipped/>
  </testcase>
  <testcase classname="Scenario: Choose a product from random category" name="And I choose a book from the list" time="0.011">
    <skipped/>
  </testcase>
  <testcase classname="Scenario: Choose a product from random category" name="Then The book description will be loaded with price and an option to order" time="0.012">
    <skipped/>
  </testcase>
  <testcase classname="Scenario: Choose a product from random category" name="Scenario: Choose a product from random category" time="0.013">
    <skipped/>
  </testcase>
  <testcase classname="Scenario: Choose a product from random category" name="Scenario: Choose a product from random category" time="0.013"/>
  <testcase classname="Scenario: Search for a product" name="Given I have an existing account with an online bookshop" time="0.002">
    <skipped/>
    <system-out>
  Scenario: Choose a product from random category                              &amp;#27;[90m# OnlineShop.feature:8&amp;#27;[0m
    &amp;#27;[33mAnd &amp;#27;[0m&amp;#27;[33mI extend the Категории menu&amp;#27;[0m
    &amp;#27;[33mAnd &amp;#27;[0m&amp;#27;[33mI choose random book category&amp;#27;[0m
    &amp;#27;[33mAnd &amp;#27;[0m&amp;#27;[33mI choose a book from the list&amp;#27;[0m
    &amp;#27;[33mThen &amp;#27;[0m&amp;#27;[33mThe book description will be loaded with price and an option to order&amp;#27;[0m
</system-out>
  </testcase>
  <testcase classname="Scenario: Search for a product" name="When I log into the website" time="0.002">
    <skipped/>
  </testcase>
  <testcase classname="Scenario: Search for a product" name="And I search for a specific book" time="0.004">
    <skipped/>
    <system-out>
  Background:                                                &amp;#27;[90m# OnlineShop.feature:4&amp;#27;[0m
    &amp;#27;[33mGiven &amp;#27;[0m&amp;#27;[33mI have an existing account with an online bookshop&amp;#27;[0m
    &amp;#27;[33mWhen &amp;#27;[0m&amp;#27;[33mI log into the website&amp;#27;[0m
</system-out>
  </testcase>
  <testcase classname="Scenario: Search for a product" name="Then I will be able to select the book from the search results" time="0.005">
    <skipped/>
  </testcase>
  <testcase classname="Scenario: Search for a product" name="And The book description will be loaded with price and an option to order" time="0.005">
    <skipped/>
  </testcase>
  <testcase classname="Scenario: Search for a product" name="Scenario: Search for a product" time="0.006">
    <skipped/>
  </testcase>
  <testcase classname="Scenario: Search for a product" name="Scenario: Search for a product" time="0.006"/>
  <testcase classname="Scenario: Add a book to the basket" name="Given I have an existing account with an online bookshop" time="0.001">
    <skipped/>
    <system-out>
  Scenario: Search for a product                                              &amp;#27;[90m# OnlineShop.feature:14&amp;#27;[0m
    &amp;#27;[33mAnd &amp;#27;[0m&amp;#27;[33mI search for a specific book&amp;#27;[0m
    &amp;#27;[33mThen &amp;#27;[0m&amp;#27;[33mI will be able to select the book from the search results&amp;#27;[0m
    &amp;#27;[33mAnd &amp;#27;[0m&amp;#27;[33mThe book description will be loaded with price and an option to order&amp;#27;[0m
</system-out>
  </testcase>
  <testcase classname="Scenario: Add a book to the basket" name="When I log into the website" time="0.002">
    <skipped/>
  </testcase>
  <testcase classname="Scenario: Add a book to the basket" name="And I search and load a specific book" time="0.004">
    <skipped/>
    <system-out>
  Background:                                                &amp;#27;[90m# OnlineShop.feature:4&amp;#27;[0m
    &amp;#27;[33mGiven &amp;#27;[0m&amp;#27;[33mI have an existing account with an online bookshop&amp;#27;[0m
    &amp;#27;[33mWhen &amp;#27;[0m&amp;#27;[33mI log into the website&amp;#27;[0m
</system-out>
  </testcase>
  <testcase classname="Scenario: Add a book to the basket" name="And I click on the Add tp basket option" time="0.004">
    <skipped/>
  </testcase>
  <testcase classname="Scenario: Add a book to the basket" name="Then The book will be added to the basket" time="0.005">
    <skipped/>
  </testcase>
  <testcase classname="Scenario: Add a book to the basket" name="Scenario: Add a book to the basket" time="0.005">
    <skipped/>
  </testcase>
  <testcase classname="Scenario: Add a book to the basket" name="Scenario: Add a book to the basket" time="0.005"/>
  <testcase classname="Scenario: Edit the basket" name="Given I have an existing account with an online bookshop" time="0.001">
    <skipped/>
    <system-out>
  Scenario: Add a book to the basket          &amp;#27;[90m# OnlineShop.feature:19&amp;#27;[0m
    &amp;#27;[33mAnd &amp;#27;[0m&amp;#27;[33mI search and load a specific book&amp;#27;[0m
    &amp;#27;[33mAnd &amp;#27;[0m&amp;#27;[33mI click on the Add tp basket option&amp;#27;[0m
    &amp;#27;[33mThen &amp;#27;[0m&amp;#27;[33mThe book will be added to the basket&amp;#27;[0m
</system-out>
  </testcase>
  <testcase classname="Scenario: Edit the basket" name="When I log into the website" time="0.002">
    <skipped/>
  </testcase>
  <testcase classname="Scenario: Edit the basket" name="And I add a book to the basket" time="0.004">
    <skipped/>
    <system-out>
  Background:                                                &amp;#27;[90m# OnlineShop.feature:4&amp;#27;[0m
    &amp;#27;[33mGiven &amp;#27;[0m&amp;#27;[33mI have an existing account with an online bookshop&amp;#27;[0m
    &amp;#27;[33mWhen &amp;#27;[0m&amp;#27;[33mI log into the website&amp;#27;[0m
</system-out>
  </testcase>
  <testcase classname="Scenario: Edit the basket" name="And I load the added products" time="0.004">
    <skipped/>
  </testcase>
  <testcase classname="Scenario: Edit the basket" name="Then I will be able to increase the quantity" time="0.005">
    <skipped/>
  </testcase>
  <testcase classname="Scenario: Edit the basket" name="And I will be able to remove the products from the basket" time="0.005">
    <skipped/>
  </testcase>
  <testcase classname="Scenario: Edit the basket" name="Scenario: Edit the basket" time="0.005">
    <skipped/>
  </testcase>
  <testcase classname="Scenario: Edit the basket" name="Scenario: Edit the basket" time="0.005"/>
  <testcase classname="| 31460290 | Viersen |" name="Given I want to search for specific bank branches in Germay" time="0.093">
    <skipped/>
    <system-out>
  Scenario: Edit the basket                                   &amp;#27;[90m# OnlineShop.feature:24&amp;#27;[0m
    &amp;#27;[33mAnd &amp;#27;[0m&amp;#27;[33mI add a book to the basket&amp;#27;[0m
    &amp;#27;[33mAnd &amp;#27;[0m&amp;#27;[33mI load the added products&amp;#27;[0m
    &amp;#27;[33mThen &amp;#27;[0m&amp;#27;[33mI will be able to increase the quantity&amp;#27;[0m
    &amp;#27;[33mAnd &amp;#27;[0m&amp;#27;[33mI will be able to remove the products from the basket&amp;#27;[0m
Feature: Bank branches search based on a BLZ codes

  Scenario Outline: Find bank branches in Germany using BLZ codes &amp;#27;[90m# SOAPService.feature:3&amp;#27;[0m
    &amp;#27;[36mGiven &amp;#27;[0m&amp;#27;[36mI want to search for specific bank branches in Germay&amp;#27;[0m
    &amp;#27;[36mWhen &amp;#27;[0m&amp;#27;[36mI run a SOAP request using code &lt;BLZ&gt;&amp;#27;[0m
    &amp;#27;[36mThen &amp;#27;[0m&amp;#27;[36mI verify the location &lt;location&gt;&amp;#27;[0m

    Examples: 
</system-out>
  </testcase>
  <testcase classname="| 31460290 | Viersen |" name="When I run a SOAP request using code 31460290" time="0.093">
    <skipped/>
  </testcase>
  <testcase classname="| 31460290 | Viersen |" name="Then I verify the location Viersen" time="0.094">
    <skipped/>
  </testcase>
  <testcase classname="| 31460290 | Viersen |" name="| 31460290 | Viersen |" time="0.094">
    <skipped/>
  </testcase>
  <testcase classname="| 31460290 | Viersen |" name="| 31460290 | Viersen |" time="0.094"/>
  <testcase classname="| 31061108 | Willich |" name="Given I want to search for specific bank branches in Germay" time="0.003">
    <skipped/>
    <system-out>
  Scenario Outline: Find bank branches in Germany using BLZ codes &amp;#27;[90m# SOAPService.feature:10&amp;#27;[0m
    &amp;#27;[33mGiven &amp;#27;[0m&amp;#27;[33mI want to search for specific bank branches in Germay&amp;#27;[0m   &amp;#27;[90m# SOAPStepDefs.i_want_to_search_for_specific_bank_branches_in_Germay()&amp;#27;[0m
      &amp;#27;[31mcucumber.api.PendingException: TODO: implement me
      	at com.examples.test.training.glue.SOAPStepDefs.i_want_to_search_for_specific_bank_branches_in_Germay(SOAPStepDefs.java:13)
      	at ?.Given I want to search for specific bank branches in Germay(SOAPService.feature:4)
      &amp;#27;[0m
    &amp;#27;[36mWhen &amp;#27;[0m&amp;#27;[36mI run a SOAP request using code &amp;#27;[0m&amp;#27;[36m&amp;#27;[1m31460290&amp;#27;[0m                 &amp;#27;[90m# SOAPStepDefs.i_run_a_SOAP_request_using_code(int)&amp;#27;[0m
    &amp;#27;[36mThen &amp;#27;[0m&amp;#27;[36mI verify the location Viersen&amp;#27;[0m                            &amp;#27;[90m# SOAPStepDefs.i_verify_the_location_Viersen()&amp;#27;[0m
</system-out>
  </testcase>
  <testcase classname="| 31061108 | Willich |" name="When I run a SOAP request using code 31061108" time="0.004">
    <skipped/>
  </testcase>
  <testcase classname="| 31061108 | Willich |" name="Then I verify the location Willich" time="0.004">
    <skipped/>
  </testcase>
  <testcase classname="| 31061108 | Willich |" name="| 31061108 | Willich |" time="0.005">
    <skipped/>
  </testcase>
  <testcase classname="| 31061108 | Willich |" name="| 31061108 | Willich |" time="0.005"/>
  <testcase classname="| 31261282 | Erkelenz |" name="Given I want to search for specific bank branches in Germay" time="0.003">
    <skipped/>
    <system-out>
  Scenario Outline: Find bank branches in Germany using BLZ codes &amp;#27;[90m# SOAPService.feature:11&amp;#27;[0m
    &amp;#27;[33mGiven &amp;#27;[0m&amp;#27;[33mI want to search for specific bank branches in Germay&amp;#27;[0m   &amp;#27;[90m# SOAPStepDefs.i_want_to_search_for_specific_bank_branches_in_Germay()&amp;#27;[0m
      &amp;#27;[31mcucumber.api.PendingException: TODO: implement me
      	at com.examples.test.training.glue.SOAPStepDefs.i_want_to_search_for_specific_bank_branches_in_Germay(SOAPStepDefs.java:13)
      	at ?.Given I want to search for specific bank branches in Germay(SOAPService.feature:4)
      &amp;#27;[0m
    &amp;#27;[36mWhen &amp;#27;[0m&amp;#27;[36mI run a SOAP request using code &amp;#27;[0m&amp;#27;[36m&amp;#27;[1m31061108&amp;#27;[0m                 &amp;#27;[90m# SOAPStepDefs.i_run_a_SOAP_request_using_code(int)&amp;#27;[0m
    &amp;#27;[36mThen &amp;#27;[0m&amp;#27;[36mI verify the location Willich&amp;#27;[0m                            &amp;#27;[90m# SOAPStepDefs.i_verify_the_location_Willich()&amp;#27;[0m
</system-out>
  </testcase>
  <testcase classname="| 31261282 | Erkelenz |" name="When I run a SOAP request using code 31261282" time="0.004">
    <skipped/>
  </testcase>
  <testcase classname="| 31261282 | Erkelenz |" name="Then I verify the location Erkelenz" time="0.005">
    <skipped/>
  </testcase>
  <testcase classname="| 31261282 | Erkelenz |" name="| 31261282 | Erkelenz |" time="0.005">
    <skipped/>
  </testcase>
  <testcase classname="| 31261282 | Erkelenz |" name="| 31261282 | Erkelenz |" time="0.005"/>
  <testcase classname="| 34270094 | Solingen |" name="Given I want to search for specific bank branches in Germay" time="0.003">
    <skipped/>
    <system-out>
  Scenario Outline: Find bank branches in Germany using BLZ codes &amp;#27;[90m# SOAPService.feature:12&amp;#27;[0m
    &amp;#27;[33mGiven &amp;#27;[0m&amp;#27;[33mI want to search for specific bank branches in Germay&amp;#27;[0m   &amp;#27;[90m# SOAPStepDefs.i_want_to_search_for_specific_bank_branches_in_Germay()&amp;#27;[0m
      &amp;#27;[31mcucumber.api.PendingException: TODO: implement me
      	at com.examples.test.training.glue.SOAPStepDefs.i_want_to_search_for_specific_bank_branches_in_Germay(SOAPStepDefs.java:13)
      	at ?.Given I want to search for specific bank branches in Germay(SOAPService.feature:4)
      &amp;#27;[0m
    &amp;#27;[36mWhen &amp;#27;[0m&amp;#27;[36mI run a SOAP request using code &amp;#27;[0m&amp;#27;[36m&amp;#27;[1m31261282&amp;#27;[0m                 &amp;#27;[90m# SOAPStepDefs.i_run_a_SOAP_request_using_code(int)&amp;#27;[0m
    &amp;#27;[36mThen &amp;#27;[0m&amp;#27;[36mI verify the location Erkelenz&amp;#27;[0m                           &amp;#27;[90m# SOAPStepDefs.i_verify_the_location_Erkelenz()&amp;#27;[0m
</system-out>
  </testcase>
  <testcase classname="| 34270094 | Solingen |" name="When I run a SOAP request using code 34270094" time="0.003">
    <skipped/>
  </testcase>
  <testcase classname="| 34270094 | Solingen |" name="Then I verify the location Solingen" time="0.007">
    <skipped/>
  </testcase>
  <testcase classname="| 34270094 | Solingen |" name="| 34270094 | Solingen |" time="0.008">
    <skipped/>
  </testcase>
  <testcase classname="| 34270094 | Solingen |" name="| 34270094 | Solingen |" time="0.008"/>
  <testcase classname="| 43020000 | Westfalenbank |" name="Given I want to search for bank names in Germay" time="0.001">
    <skipped/>
    <system-out>
  Scenario Outline: Find bank branches in Germany using BLZ codes &amp;#27;[90m# SOAPService.feature:13&amp;#27;[0m
    &amp;#27;[33mGiven &amp;#27;[0m&amp;#27;[33mI want to search for specific bank branches in Germay&amp;#27;[0m   &amp;#27;[90m# SOAPStepDefs.i_want_to_search_for_specific_bank_branches_in_Germay()&amp;#27;[0m
      &amp;#27;[31mcucumber.api.PendingException: TODO: implement me
      	at com.examples.test.training.glue.SOAPStepDefs.i_want_to_search_for_specific_bank_branches_in_Germay(SOAPStepDefs.java:13)
      	at ?.Given I want to search for specific bank branches in Germay(SOAPService.feature:4)
      &amp;#27;[0m
    &amp;#27;[36mWhen &amp;#27;[0m&amp;#27;[36mI run a SOAP request using code &amp;#27;[0m&amp;#27;[36m&amp;#27;[1m34270094&amp;#27;[0m                 &amp;#27;[90m# SOAPStepDefs.i_run_a_SOAP_request_using_code(int)&amp;#27;[0m
    &amp;#27;[36mThen &amp;#27;[0m&amp;#27;[36mI verify the location Solingen&amp;#27;[0m                           &amp;#27;[90m# SOAPStepDefs.i_verify_the_location_Solingen()&amp;#27;[0m

  Scenario Outline: Find bank names using BLZ codes &amp;#27;[90m# SOAPService.feature:16&amp;#27;[0m
    &amp;#27;[36mGiven &amp;#27;[0m&amp;#27;[36mI want to search for bank names in Germay&amp;#27;[0m
    &amp;#27;[36mWhen &amp;#27;[0m&amp;#27;[36mI run a SOAP request using code &lt;BLZ&gt;&amp;#27;[0m
    &amp;#27;[36mThen &amp;#27;[0m&amp;#27;[36mI verify the bank name &lt;name&gt;&amp;#27;[0m

    Examples: 
</system-out>
  </testcase>
  <testcase classname="| 43020000 | Westfalenbank |" name="When I run a SOAP request using code 43020000" time="0.002">
    <skipped/>
  </testcase>
  <testcase classname="| 43020000 | Westfalenbank |" name="Then I verify the bank name Westfalenbank" time="0.002">
    <skipped/>
  </testcase>
  <testcase classname="| 43020000 | Westfalenbank |" name="| 43020000 | Westfalenbank |" time="0.002">
    <skipped/>
  </testcase>
  <testcase classname="| 43020000 | Westfalenbank |" name="| 43020000 | Westfalenbank |" time="0.003"/>
  <testcase classname="| 43000000 | Bundesbank |" name="Given I want to search for bank names in Germay" time="0.002">
    <skipped/>
    <system-out>
  Scenario Outline: Find bank names using BLZ codes &amp;#27;[90m# SOAPService.feature:23&amp;#27;[0m
    &amp;#27;[33mGiven &amp;#27;[0m&amp;#27;[33mI want to search for bank names in Germay&amp;#27;[0m &amp;#27;[90m# SOAPStepDefs.i_want_to_search_for_bank_names_in_Germay()&amp;#27;[0m
      &amp;#27;[31mcucumber.api.PendingException: TODO: implement me
      	at com.examples.test.training.glue.SOAPStepDefs.i_want_to_search_for_bank_names_in_Germay(SOAPStepDefs.java:49)
      	at ?.Given I want to search for bank names in Germay(SOAPService.feature:17)
      &amp;#27;[0m
    &amp;#27;[36mWhen &amp;#27;[0m&amp;#27;[36mI run a SOAP request using code &amp;#27;[0m&amp;#27;[36m&amp;#27;[1m43020000&amp;#27;[0m   &amp;#27;[90m# SOAPStepDefs.i_run_a_SOAP_request_using_code(int)&amp;#27;[0m
    &amp;#27;[36mThen &amp;#27;[0m&amp;#27;[36mI verify the bank name Westfalenbank&amp;#27;[0m       &amp;#27;[90m# SOAPStepDefs.i_verify_the_bank_name_Westfalenbank()&amp;#27;[0m
</system-out>
  </testcase>
  <testcase classname="| 43000000 | Bundesbank |" name="When I run a SOAP request using code 43000000" time="0.002">
    <skipped/>
  </testcase>
  <testcase classname="| 43000000 | Bundesbank |" name="Then I verify the bank name Bundesbank" time="0.003">
    <skipped/>
  </testcase>
  <testcase classname="| 43000000 | Bundesbank |" name="| 43000000 | Bundesbank |" time="0.003">
    <skipped/>
  </testcase>
  <testcase classname="| 43000000 | Bundesbank |" name="| 43000000 | Bundesbank |" time="0.003"/>
  <testcase classname="| 43060129 | Volksbank Bochum Witten |" name="Given I want to search for bank names in Germay" time="0.002">
    <skipped/>
    <system-out>
  Scenario Outline: Find bank names using BLZ codes &amp;#27;[90m# SOAPService.feature:24&amp;#27;[0m
    &amp;#27;[33mGiven &amp;#27;[0m&amp;#27;[33mI want to search for bank names in Germay&amp;#27;[0m &amp;#27;[90m# SOAPStepDefs.i_want_to_search_for_bank_names_in_Germay()&amp;#27;[0m
      &amp;#27;[31mcucumber.api.PendingException: TODO: implement me
      	at com.examples.test.training.glue.SOAPStepDefs.i_want_to_search_for_bank_names_in_Germay(SOAPStepDefs.java:49)
      	at ?.Given I want to search for bank names in Germay(SOAPService.feature:17)
      &amp;#27;[0m
    &amp;#27;[36mWhen &amp;#27;[0m&amp;#27;[36mI run a SOAP request using code &amp;#27;[0m&amp;#27;[36m&amp;#27;[1m43000000&amp;#27;[0m   &amp;#27;[90m# SOAPStepDefs.i_run_a_SOAP_request_using_code(int)&amp;#27;[0m
    &amp;#27;[36mThen &amp;#27;[0m&amp;#27;[36mI verify the bank name Bundesbank&amp;#27;[0m          &amp;#27;[90m# SOAPStepDefs.i_verify_the_bank_name_Bundesbank()&amp;#27;[0m
</system-out>
  </testcase>
  <testcase classname="| 43060129 | Volksbank Bochum Witten |" name="When I run a SOAP request using code 43060129" time="0.003">
    <skipped/>
  </testcase>
  <testcase classname="| 43060129 | Volksbank Bochum Witten |" name="Then I verify the bank name Volksbank Bochum Witten" time="0.003">
    <skipped/>
  </testcase>
  <testcase classname="| 43060129 | Volksbank Bochum Witten |" name="| 43060129 | Volksbank Bochum Witten |" time="0.003">
    <skipped/>
  </testcase>
  <testcase classname="| 43060129 | Volksbank Bochum Witten |" name="| 43060129 | Volksbank Bochum Witten |" time="0.003"/>
  <testcase classname="| 43080083 | Dresdner Bank |" name="Given I want to search for bank names in Germay" time="0.002">
    <skipped/>
    <system-out>
  Scenario Outline: Find bank names using BLZ codes     &amp;#27;[90m# SOAPService.feature:25&amp;#27;[0m
    &amp;#27;[33mGiven &amp;#27;[0m&amp;#27;[33mI want to search for bank names in Germay&amp;#27;[0m     &amp;#27;[90m# SOAPStepDefs.i_want_to_search_for_bank_names_in_Germay()&amp;#27;[0m
      &amp;#27;[31mcucumber.api.PendingException: TODO: implement me
      	at com.examples.test.training.glue.SOAPStepDefs.i_want_to_search_for_bank_names_in_Germay(SOAPStepDefs.java:49)
      	at ?.Given I want to search for bank names in Germay(SOAPService.feature:17)
      &amp;#27;[0m
    &amp;#27;[36mWhen &amp;#27;[0m&amp;#27;[36mI run a SOAP request using code &amp;#27;[0m&amp;#27;[36m&amp;#27;[1m43060129&amp;#27;[0m       &amp;#27;[90m# SOAPStepDefs.i_run_a_SOAP_request_using_code(int)&amp;#27;[0m
    &amp;#27;[36mThen &amp;#27;[0m&amp;#27;[36mI verify the bank name Volksbank Bochum Witten&amp;#27;[0m &amp;#27;[90m# SOAPStepDefs.i_verify_the_bank_name_Volksbank_Bochum_Witten()&amp;#27;[0m
</system-out>
  </testcase>
  <testcase classname="| 43080083 | Dresdner Bank |" name="When I run a SOAP request using code 43080083" time="0.002">
    <skipped/>
  </testcase>
  <testcase classname="| 43080083 | Dresdner Bank |" name="Then I verify the bank name Dresdner Bank" time="0.003">
    <skipped/>
  </testcase>
  <testcase classname="| 43080083 | Dresdner Bank |" name="| 43080083 | Dresdner Bank |" time="0.003">
    <skipped/>
  </testcase>
  <testcase classname="| 43080083 | Dresdner Bank |" name="| 43080083 | Dresdner Bank |" time="0.003"/>
  <testcase classname="Scenario: Register new user in WordPress" name="Given I want to create new user profile" time="0"/>
  <testcase classname="Scenario: Register new user in WordPress" name="When I fill out the form and click on the Create Account button" time="0"/>
  <testcase classname="Scenario: Register new user in WordPress" name="Then My account is created and I&apos;m able to log into WordPress with that account" time="0"/>
  <testcase classname="Scenario: Register new user in WordPress" name="Scenario: Register new user in WordPress" time="0"/>
  <testcase classname="Scenario: Login attempt with invalid credentials" name="Given I want to validate error message from WordPress" time="0"/>
  <testcase classname="Scenario: Login attempt with invalid credentials" name="When I enter invalid credentials and click on Login" time="0"/>
  <testcase classname="Scenario: Login attempt with invalid credentials" name="Then I won&apos;t be logged in" time="0"/>
  <testcase classname="Scenario: Login attempt with invalid credentials" name="Scenario: Login attempt with invalid credentials" time="0"/>
  <testcase classname="Scenario: Create an entry in the DB" name="Given I want to create new employee entry in the DB" time="0"/>
  <testcase classname="Scenario: Create an entry in the DB" name="When I send my json to the POST endpoint" time="0"/>
  <testcase classname="Scenario: Create an entry in the DB" name="Then I will see response 200" time="0"/>
  <testcase classname="Scenario: Create an entry in the DB" name="And The response body will contain new employee ID" time="0"/>
  <testcase classname="Scenario: Create an entry in the DB" name="Scenario: Create an entry in the DB" time="0.001"/>
  <testcase classname="Scenario: Retrieve information from the DB" name="Given An employee entry exists in the DB" time="0"/>
  <testcase classname="Scenario: Retrieve information from the DB" name="When I perform GET API call using the employee ID" time="0"/>
  <testcase classname="Scenario: Retrieve information from the DB" name="Then The API call will return the employee name" time="0"/>
  <testcase classname="Scenario: Retrieve information from the DB" name="Scenario: Retrieve information from the DB" time="0"/>
  <testcase classname="Scenario: Delete an entry" name="Given An employee entry exists in the DB" time="0"/>
  <testcase classname="Scenario: Delete an entry" name="When I perform DELETE API call using the employee ID" time="0"/>
  <testcase classname="Scenario: Delete an entry" name="Then the user will no longer exist" time="0"/>
  <testcase classname="Scenario: Delete an entry" name="Scenario: Delete an entry" time="0.001"/>
</testsuite>