<?xml version="1.0" encoding="UTF-8" ?>
<testsuite tests="28" failures="0" name="com.examples.test.training.runner.TestRunner" time="139.807" errors="0" skipped="0">
  <properties>
[...]
</properties>
  <testcase classname="DB Connection test" name="Test for select operation" time="0.349"/>
  <testcase classname="DB Connection test" name="Test for select operation" time="0.12"/>
  <testcase classname="DB Connection test" name="Test for insert operation" time="0.271"/>
  <testcase classname="DB Connection test" name="Test for insert operation" time="0.197"/>
  <testcase classname="DB Connection test" name="Test for update operation" time="0.204"/>
  <testcase classname="DB Connection test" name="Test for update operation" time="0.196"/>
  <testcase classname="DB Connection test" name="Test for delete operation" time="0.168"/>
  <testcase classname="DB Connection test" name="Test for delete operation" time="0.168"/>
  <testcase classname="Online Bookshop" name="Choose a product from random category" time="32.043"/>
  <testcase classname="Online Bookshop" name="Search for a product" time="19.829"/>
  <testcase classname="Online Bookshop" name="Add a book to the basket" time="21.273"/>
  <testcase classname="Online Bookshop" name="Edit the basket" time="24.167"/>
  <testcase classname="Authors REST API" name="Get list of all authors" time="1.59"/>
  <testcase classname="Authors REST API" name="Get author by authorID" time="0.15"/>
  <testcase classname="Authors REST API" name="Get authorID by bookID" time="0.141"/>
  <testcase classname="Authors REST API" name="Create an Author entry" time="0.59"/>
  <testcase classname="Authors REST API" name="Edit an Author entry" time="0.113"/>
  <testcase classname="Authors REST API" name="Delete an Author entry" time="0.125"/>
  <testcase classname="Bank branches search based on a BLZ codes" name="Find bank branches in Germany using BLZ codes" time="0.846"/>
  <testcase classname="Bank branches search based on a BLZ codes" name="Find bank branches in Germany using BLZ codes" time="0.187"/>
  <testcase classname="Bank branches search based on a BLZ codes" name="Find bank branches in Germany using BLZ codes" time="0.189"/>
  <testcase classname="Bank branches search based on a BLZ codes" name="Find bank branches in Germany using BLZ codes" time="0.168"/>
  <testcase classname="User Registration" name="Register new user in WordPress" time="18.585"/>
  <testcase classname="User Registration" name="Login attempt with invalid credentials" time="14.527"/>
  <testcase classname="Test REST API calls" name="Create an entry in the DB" time="1.14"/>
  <testcase classname="Test REST API calls" name="Retrieve information from the DB" time="1.001"/>
  <testcase classname="Test REST API calls" name="Edit an entry in the DB" time="0.493"/>
  <testcase classname="Test REST API calls" name="Delete an entry" time="0.977"/>
</testsuite>